<?xml version="1.0" encoding="UTF-8"?>
<testsuite xmlns:xsi="http://www.w3.org/2001/XMLSchema-instance" xsi:noNamespaceSchemaLocation="https://maven.apache.org/surefire/maven-surefire-plugin/xsd/surefire-test-report.xsd" version="3.0.1" name="com.bidgadget.BidEngineTest" time="0.104" tests="5" errors="0" skipped="0" failures="0">
  <properties>
[...]
</properties>
  <testcase name="testAuctionClosed" classname="com.bidgadget.BidEngineTest" time="0.046"/>
  <testcase name="testBidTooLow" classname="com.bidgadget.BidEngineTest" time="0.002"/>
  <testcase name="testAcceptedAndTimeExtended" classname="com.bidgadget.BidEngineTest" time="0.003"/>
  <testcase name="testSuspiciousBid" classname="com.bidgadget.BidEngineTest" time="0.002"/>
  <testcase name="testAcceptedNormal" classname="com.bidgadget.BidEngineTest" time="0.002"/>
</testsuite>